<?xml version="1.0" encoding="UTF-8"?>
<!-- Generated by org.testng.reporters.JUnitReportReporter -->
<testsuite hostname="Mohan" failures="0" tests="3" name="tests.DataProviderDemo" time="0.009" errors="0" timestamp="2024-07-19T10:29:52 IST" skipped="0">
  <testcase classname="tests.DataProviderDemo" name="m1" time="0.005"/>
  <testcase classname="tests.DataProviderDemo" name="m1" time="0.003"/>
  <testcase classname="tests.DataProviderDemo" name="m1" time="0.001"/>
</testsuite> <!-- tests.DataProviderDemo -->
