<?xml version="1.0" encoding="UTF-8"?>
<!-- Generated by org.testng.reporters.JUnitReportReporter -->
<testsuite hostname="Mohan" failures="0" tests="11" name="tests.Priority" time="0.015" errors="0" timestamp="2024-07-19T10:29:52 IST" skipped="0">
  <testcase classname="tests.Priority" name="m1" time="0.006"/>
  <testcase classname="tests.Priority" name="m2" time="0.001"/>
  <testcase classname="tests.Priority" name="m2" time="0.001"/>
  <testcase classname="tests.Priority" name="m2" time="0.001"/>
  <testcase classname="tests.Priority" name="m2" time="0.001"/>
  <testcase classname="tests.Priority" name="m2" time="0.000"/>
  <testcase classname="tests.Priority" name="m2" time="0.000"/>
  <testcase classname="tests.Priority" name="m2" time="0.001"/>
  <testcase classname="tests.Priority" name="m2" time="0.001"/>
  <testcase classname="tests.Priority" name="m2" time="0.002"/>
  <testcase classname="tests.Priority" name="m2" time="0.001"/>
</testsuite> <!-- tests.Priority -->
