<?xml version="1.0" encoding="UTF-8"?>
<!-- Generated by org.testng.reporters.JUnitReportReporter -->
<testsuite hostname="Mohan" failures="0" tests="2" name="tests.ListenersDemo" time="0.004" errors="0" timestamp="2024-07-19T10:36:20 IST" skipped="0">
  <testcase classname="tests.ListenersDemo" name="m2" time="0.001"/>
  <testcase classname="tests.ListenersDemo" name="m1" time="0.003"/>
</testsuite> <!-- tests.ListenersDemo -->
