<?xml version="1.0" encoding="UTF-8"?>
<!-- Generated by org.testng.reporters.JUnitReportReporter -->
<testsuite hostname="Mohan" failures="0" tests="1" name="tests.ParameterizationDemo" time="0.005" errors="0" timestamp="2024-07-19T10:36:20 IST" skipped="0">
  <testcase classname="tests.ParameterizationDemo" name="m1" time="0.005"/>
</testsuite> <!-- tests.ParameterizationDemo -->
