<?xml version="1.0" encoding="UTF-8"?>
<!-- Generated by org.testng.reporters.JUnitReportReporter -->
<testsuite hostname="Mohan" failures="0" tests="2" name="tests.Enable" time="0.003" errors="0" timestamp="2024-07-19T10:36:20 IST" skipped="1">
  <testcase classname="tests.Enable" name="EnableMethod1" time="0.003"/>
  <testcase classname="tests.Enable" name="EnableMethod2">
    <skipped/>
  </testcase> <!-- EnableMethod2 -->
</testsuite> <!-- tests.Enable -->
