<?xml version="1.0" encoding="UTF-8"?>
<!-- Generated by org.testng.reporters.JUnitReportReporter -->
<testsuite hostname="Mohan" failures="0" tests="3" name="tests.DependsOn" time="0.004" errors="0" timestamp="2024-07-19T10:36:20 IST" skipped="0">
  <testcase classname="tests.DependsOn" name="EnableMethod1" time="0.003"/>
  <testcase classname="tests.DependsOn" name="EnableMethod3" time="0.000"/>
  <testcase classname="tests.DependsOn" name="EnableMethod2" time="0.001"/>
</testsuite> <!-- tests.DependsOn -->
